<?xml version="1.0" encoding="UTF-8"?>
<!-- Generated by org.testng.reporters.JUnitXMLReporter -->
<testsuite hostname="LAPTOP-GRM54025" ignored="0" name="testa" tests="4" failures="0" timestamp="21 Mar 2021 17:20:13 GMT" time="25.962" errors="0">
  <testcase name="test1" time="13.305" classname="com.test.web.Class1"/>
  <testcase name="test2" time="13.425" classname="com.test.web.Class1"/>
  <testcase name="test4" time="8.457" classname="com.test.web.Class1"/>
  <testcase name="test3" time="12.631" classname="com.test.web.Class1"/>
</testsuite> <!-- testa -->
