<?xml version="1.0" encoding="UTF-8"?>
<!-- Generated by org.testng.reporters.JUnitXMLReporter -->
<testsuite hostname="LAPTOP-GRM54025" ignored="0" name="teste" tests="4" failures="0" timestamp="21 Mar 2021 10:25:04 GMT" time="17.746" errors="0">
  <testcase name="test2" time="9.206" classname="com.test.web.Class1"/>
  <testcase name="test1" time="9.31" classname="com.test.web.Class1"/>
  <testcase name="test1" time="8.343" classname="com.test.web.Class2"/>
  <testcase name="test2" time="8.411" classname="com.test.web.Class2"/>
</testsuite> <!-- teste -->
