<?xml version="1.0" encoding="UTF-8"?>
<testng-results skipped="0" failed="0" ignored="0" total="4" passed="4">
  <reporter-output>
  </reporter-output>
  <suite name="Suite" duration-ms="25962" started-at="2021-03-21T17:19:47Z" finished-at="2021-03-21T17:20:13Z">
    <groups>
    </groups>
    <test name="testa" duration-ms="25962" started-at="2021-03-21T17:19:47Z" finished-at="2021-03-21T17:20:13Z">
      <class name="com.test.web.Class1">
        <test-method status="PASS" signature="setUp()[pri:0, instance:com.test.web.Class1@5dd6264]" name="setUp" is-config="true" duration-ms="8" started-at="2021-03-21T17:19:47Z" finished-at="2021-03-21T17:19:47Z">
          <reporter-output>
          </reporter-output>
        </test-method> <!-- setUp -->
        <test-method status="PASS" signature="test2()[pri:0, instance:com.test.web.Class1@5dd6264]" name="test2" duration-ms="13425" started-at="2021-03-21T17:19:47Z" finished-at="2021-03-21T17:20:00Z">
          <reporter-output>
          </reporter-output>
        </test-method> <!-- test2 -->
        <test-method status="PASS" signature="test1()[pri:0, instance:com.test.web.Class1@5dd6264]" name="test1" duration-ms="13305" started-at="2021-03-21T17:19:47Z" finished-at="2021-03-21T17:20:00Z">
          <reporter-output>
          </reporter-output>
        </test-method> <!-- test1 -->
        <test-method status="PASS" signature="test3()[pri:0, instance:com.test.web.Class1@5dd6264]" name="test3" duration-ms="12631" started-at="2021-03-21T17:20:00Z" finished-at="2021-03-21T17:20:13Z">
          <reporter-output>
          </reporter-output>
        </test-method> <!-- test3 -->
        <test-method status="PASS" signature="test4()[pri:0, instance:com.test.web.Class1@5dd6264]" name="test4" duration-ms="8457" started-at="2021-03-21T17:20:00Z" finished-at="2021-03-21T17:20:09Z">
          <reporter-output>
          </reporter-output>
        </test-method> <!-- test4 -->
        <test-method status="PASS" signature="tearDown()[pri:0, instance:com.test.web.Class1@5dd6264]" name="tearDown" is-config="true" duration-ms="0" started-at="2021-03-21T17:20:13Z" finished-at="2021-03-21T17:20:13Z">
          <reporter-output>
          </reporter-output>
        </test-method> <!-- tearDown -->
      </class> <!-- com.test.web.Class1 -->
    </test> <!-- testa -->
  </suite> <!-- Suite -->
</testng-results>
